Determining if the pthread_create exist failed with the following output:
Change Dir: /home/yf-wu/openacc_comp_cu_c2t/build/CMakeFiles/CMakeTmp

Run Build Command:"/usr/bin/make" "cmTC_234ad/fast"
/usr/bin/make -f CMakeFiles/cmTC_234ad.dir/build.make CMakeFiles/cmTC_234ad.dir/build
make[1]: Entering directory '/export/home/yf-wu/openacc_comp_cu_c2t/build/CMakeFiles/CMakeTmp'
Building C object CMakeFiles/cmTC_234ad.dir/CheckSymbolExists.c.o
/usr/bin/cc   -fPIC    -o CMakeFiles/cmTC_234ad.dir/CheckSymbolExists.c.o   -c /home/yf-wu/openacc_comp_cu_c2t/build/CMakeFiles/CMakeTmp/CheckSymbolExists.c
Linking C executable cmTC_234ad
/usr/bin/cmake -E cmake_link_script CMakeFiles/cmTC_234ad.dir/link.txt --verbose=1
/usr/bin/cc -fPIC     -rdynamic CMakeFiles/cmTC_234ad.dir/CheckSymbolExists.c.o  -o cmTC_234ad 
CMakeFiles/cmTC_234ad.dir/CheckSymbolExists.c.o: In function `main':
CheckSymbolExists.c:(.text+0x1b): undefined reference to `pthread_create'
collect2: error: ld returned 1 exit status
CMakeFiles/cmTC_234ad.dir/build.make:97: recipe for target 'cmTC_234ad' failed
make[1]: *** [cmTC_234ad] Error 1
make[1]: Leaving directory '/export/home/yf-wu/openacc_comp_cu_c2t/build/CMakeFiles/CMakeTmp'
Makefile:126: recipe for target 'cmTC_234ad/fast' failed
make: *** [cmTC_234ad/fast] Error 2

File /home/yf-wu/openacc_comp_cu_c2t/build/CMakeFiles/CMakeTmp/CheckSymbolExists.c:
/* */
#include <pthread.h>

int main(int argc, char** argv)
{
  (void)argv;
#ifndef pthread_create
  return ((int*)(&pthread_create))[argc];
#else
  (void)argc;
  return 0;
#endif
}

Determining if the function pthread_create exists in the pthreads failed with the following output:
Change Dir: /home/yf-wu/openacc_comp_cu_c2t/build/CMakeFiles/CMakeTmp

Run Build Command:"/usr/bin/make" "cmTC_718a1/fast"
/usr/bin/make -f CMakeFiles/cmTC_718a1.dir/build.make CMakeFiles/cmTC_718a1.dir/build
make[1]: Entering directory '/export/home/yf-wu/openacc_comp_cu_c2t/build/CMakeFiles/CMakeTmp'
Building C object CMakeFiles/cmTC_718a1.dir/CheckFunctionExists.c.o
/usr/bin/cc   -fPIC -DCHECK_FUNCTION_EXISTS=pthread_create   -o CMakeFiles/cmTC_718a1.dir/CheckFunctionExists.c.o   -c /usr/share/cmake-3.10/Modules/CheckFunctionExists.c
Linking C executable cmTC_718a1
/usr/bin/cmake -E cmake_link_script CMakeFiles/cmTC_718a1.dir/link.txt --verbose=1
/usr/bin/cc -fPIC -DCHECK_FUNCTION_EXISTS=pthread_create    -rdynamic CMakeFiles/cmTC_718a1.dir/CheckFunctionExists.c.o  -o cmTC_718a1 -lpthreads 
/usr/bin/ld: cannot find -lpthreads
collect2: error: ld returned 1 exit status
CMakeFiles/cmTC_718a1.dir/build.make:97: recipe for target 'cmTC_718a1' failed
make[1]: *** [cmTC_718a1] Error 1
make[1]: Leaving directory '/export/home/yf-wu/openacc_comp_cu_c2t/build/CMakeFiles/CMakeTmp'
Makefile:126: recipe for target 'cmTC_718a1/fast' failed
make: *** [cmTC_718a1/fast] Error 2


