Determining if the pthread_create exist failed with the following output:
Change Dir: /export/home/yf-wu/openacc_comp_cu/build/CMakeFiles/CMakeTmp

Run Build Command:"/usr/bin/make" "cmTC_b7569/fast"
/usr/bin/make -f CMakeFiles/cmTC_b7569.dir/build.make CMakeFiles/cmTC_b7569.dir/build
make[1]: Entering directory '/export/home/yf-wu/openacc_comp_cu/build/CMakeFiles/CMakeTmp'
Building C object CMakeFiles/cmTC_b7569.dir/CheckSymbolExists.c.o
/usr/bin/cc   -fPIC    -o CMakeFiles/cmTC_b7569.dir/CheckSymbolExists.c.o   -c /export/home/yf-wu/openacc_comp_cu/build/CMakeFiles/CMakeTmp/CheckSymbolExists.c
Linking C executable cmTC_b7569
/usr/bin/cmake -E cmake_link_script CMakeFiles/cmTC_b7569.dir/link.txt --verbose=1
/usr/bin/cc -fPIC     -rdynamic CMakeFiles/cmTC_b7569.dir/CheckSymbolExists.c.o  -o cmTC_b7569 
CMakeFiles/cmTC_b7569.dir/CheckSymbolExists.c.o: In function `main':
CheckSymbolExists.c:(.text+0x1b): undefined reference to `pthread_create'
collect2: error: ld returned 1 exit status
CMakeFiles/cmTC_b7569.dir/build.make:97: recipe for target 'cmTC_b7569' failed
make[1]: *** [cmTC_b7569] Error 1
make[1]: Leaving directory '/export/home/yf-wu/openacc_comp_cu/build/CMakeFiles/CMakeTmp'
Makefile:126: recipe for target 'cmTC_b7569/fast' failed
make: *** [cmTC_b7569/fast] Error 2

File /export/home/yf-wu/openacc_comp_cu/build/CMakeFiles/CMakeTmp/CheckSymbolExists.c:
/* */
#include <pthread.h>

int main(int argc, char** argv)
{
  (void)argv;
#ifndef pthread_create
  return ((int*)(&pthread_create))[argc];
#else
  (void)argc;
  return 0;
#endif
}

Determining if the function pthread_create exists in the pthreads failed with the following output:
Change Dir: /export/home/yf-wu/openacc_comp_cu/build/CMakeFiles/CMakeTmp

Run Build Command:"/usr/bin/make" "cmTC_12ff5/fast"
/usr/bin/make -f CMakeFiles/cmTC_12ff5.dir/build.make CMakeFiles/cmTC_12ff5.dir/build
make[1]: Entering directory '/export/home/yf-wu/openacc_comp_cu/build/CMakeFiles/CMakeTmp'
Building C object CMakeFiles/cmTC_12ff5.dir/CheckFunctionExists.c.o
/usr/bin/cc   -fPIC -DCHECK_FUNCTION_EXISTS=pthread_create   -o CMakeFiles/cmTC_12ff5.dir/CheckFunctionExists.c.o   -c /usr/share/cmake-3.10/Modules/CheckFunctionExists.c
Linking C executable cmTC_12ff5
/usr/bin/cmake -E cmake_link_script CMakeFiles/cmTC_12ff5.dir/link.txt --verbose=1
/usr/bin/cc -fPIC -DCHECK_FUNCTION_EXISTS=pthread_create    -rdynamic CMakeFiles/cmTC_12ff5.dir/CheckFunctionExists.c.o  -o cmTC_12ff5 -lpthreads 
/usr/bin/ld: cannot find -lpthreads
collect2: error: ld returned 1 exit status
CMakeFiles/cmTC_12ff5.dir/build.make:97: recipe for target 'cmTC_12ff5' failed
make[1]: *** [cmTC_12ff5] Error 1
make[1]: Leaving directory '/export/home/yf-wu/openacc_comp_cu/build/CMakeFiles/CMakeTmp'
Makefile:126: recipe for target 'cmTC_12ff5/fast' failed
make: *** [cmTC_12ff5/fast] Error 2


